{
  "stats": {
    "suites": 1,
    "tests": 33,
    "passes": 33,
    "pending": 0,
    "failures": 0,
    "start": "2022-07-21T10:00:53.705Z",
    "end": "2022-07-21T10:01:12.126Z",
    "duration": 18421,
    "testsRegistered": 33,
    "passPercent": 100,
    "pendingPercent": 0,
    "other": 0,
    "hasOther": false,
    "skipped": 0,
    "hasSkipped": false
  },
  "results": [
    {
      "uuid": "3f8a233b-9a24-479c-8703-51b28a7c5dad",
      "title": "",
      "fullFile": "C:\\Users\\kadim\\selenium1\\test\\kyep140.js",
      "file": "\\test\\kyep140.js",
      "beforeHooks": [],
      "afterHooks": [],
      "tests": [],
      "suites": [
        {
          "uuid": "6d55d8fd-7ba4-4ee4-bf9f-a4a7c1a5a99c",
          "title": "kyepix140 test scenario",
          "fullFile": "C:\\Users\\kadim\\selenium1\\test\\kyep140.js",
          "file": "\\test\\kyep140.js",
          "beforeHooks": [
            {
              "title": "\"before all\" hook in \"kyepix140 test scenario\"",
              "fullTitle": "kyepix140 test scenario \"before all\" hook in \"kyepix140 test scenario\"",
              "timedOut": false,
              "duration": 5611,
              "state": null,
              "speed": null,
              "pass": false,
              "fail": false,
              "pending": false,
              "context": null,
              "code": "const {Builder, By, Key, until}= require(\"selenium-webdriver\");\ndriver=await new Builder().forBrowser(\"firefox\").build();  \nawait driver.get(\"https://admin.kyepix-stage.opencluster.eu/welcome-user\");\nawait driver.manage().window().maximize();\nawait driver.sleep(sA);        \n//return driver;",
              "err": {},
              "uuid": "88c08955-a112-45be-8d94-192dc3647636",
              "parentUUID": "6d55d8fd-7ba4-4ee4-bf9f-a4a7c1a5a99c",
              "isHook": true,
              "skipped": false
            }
          ],
          "afterHooks": [],
          "tests": [
            {
              "title": "Preconditions: log-in",
              "fullTitle": "kyepix140 test scenario Preconditions: log-in",
              "timedOut": false,
              "duration": 3186,
              "state": "passed",
              "speed": "slow",
              "pass": true,
              "fail": false,
              "pending": false,
              "context": null,
              "code": "await toLogIn.preLogIn(driver);  \nawait driver.sleep(sA);  \nawait logInPage.logIn(driver,'kdimopoulos@knowledge.gr','test1234');\nawait driver.sleep(2*sA);",
              "err": {},
              "uuid": "4176139c-82eb-49a8-bfea-bf98608a1f56",
              "parentUUID": "6d55d8fd-7ba4-4ee4-bf9f-a4a7c1a5a99c",
              "isHook": false,
              "skipped": false
            },
            {
              "title": "Test2. click new office button new office page",
              "fullTitle": "kyepix140 test scenario Test2. click new office button new office page",
              "timedOut": false,
              "duration": 1003,
              "state": "passed",
              "speed": "slow",
              "pass": true,
              "fail": false,
              "pending": false,
              "context": null,
              "code": "await saFPage.createNewuser(driver);\nawait driver.sleep(2*sA);",
              "err": {},
              "uuid": "15412c19-581a-47e5-9a20-d91c56abe50f",
              "parentUUID": "6d55d8fd-7ba4-4ee4-bf9f-a4a7c1a5a99c",
              "isHook": false,
              "skipped": false
            },
            {
              "title": "testRes2. check page texts",
              "fullTitle": "kyepix140 test scenario testRes2. check page texts",
              "timedOut": false,
              "duration": 58,
              "state": "passed",
              "speed": "medium",
              "pass": true,
              "fail": false,
              "pending": false,
              "context": null,
              "code": "await nuPage.checkPageTexts(driver);",
              "err": {},
              "uuid": "ebc08f00-acbf-48a2-b4ed-b9e7addfb171",
              "parentUUID": "6d55d8fd-7ba4-4ee4-bf9f-a4a7c1a5a99c",
              "isHook": false,
              "skipped": false
            },
            {
              "title": "TestRes2. check fname field",
              "fullTitle": "kyepix140 test scenario TestRes2. check fname field",
              "timedOut": false,
              "duration": 52,
              "state": "passed",
              "speed": "medium",
              "pass": true,
              "fail": false,
              "pending": false,
              "context": null,
              "code": "await nuPage.checkFNameField(driver,'');",
              "err": {},
              "uuid": "a7acd0cf-dfc0-4be1-8532-f5fcd601251b",
              "parentUUID": "6d55d8fd-7ba4-4ee4-bf9f-a4a7c1a5a99c",
              "isHook": false,
              "skipped": false
            },
            {
              "title": "TestRes2. check lname field",
              "fullTitle": "kyepix140 test scenario TestRes2. check lname field",
              "timedOut": false,
              "duration": 24,
              "state": "passed",
              "speed": "fast",
              "pass": true,
              "fail": false,
              "pending": false,
              "context": null,
              "code": "await nuPage.checkLNameField(driver,'');",
              "err": {},
              "uuid": "5851bbc1-4331-4747-bf30-c304d1965915",
              "parentUUID": "6d55d8fd-7ba4-4ee4-bf9f-a4a7c1a5a99c",
              "isHook": false,
              "skipped": false
            },
            {
              "title": "TestRes2. check email field",
              "fullTitle": "kyepix140 test scenario TestRes2. check email field",
              "timedOut": false,
              "duration": 27,
              "state": "passed",
              "speed": "fast",
              "pass": true,
              "fail": false,
              "pending": false,
              "context": null,
              "code": "await nuPage.checkEmailField(driver,'');",
              "err": {},
              "uuid": "e4ff177c-c257-4814-bd9b-66a69e14dde9",
              "parentUUID": "6d55d8fd-7ba4-4ee4-bf9f-a4a7c1a5a99c",
              "isHook": false,
              "skipped": false
            },
            {
              "title": "TestRes2. check office name field",
              "fullTitle": "kyepix140 test scenario TestRes2. check office name field",
              "timedOut": false,
              "duration": 39,
              "state": "passed",
              "speed": "medium",
              "pass": true,
              "fail": false,
              "pending": false,
              "context": null,
              "code": "await nuPage.checkOfficeNameField(driver,'');",
              "err": {},
              "uuid": "3811fd2f-3a3a-458e-ac22-5542147d01c4",
              "parentUUID": "6d55d8fd-7ba4-4ee4-bf9f-a4a7c1a5a99c",
              "isHook": false,
              "skipped": false
            },
            {
              "title": "TestRes2. check role field",
              "fullTitle": "kyepix140 test scenario TestRes2. check role field",
              "timedOut": false,
              "duration": 40,
              "state": "passed",
              "speed": "medium",
              "pass": true,
              "fail": false,
              "pending": false,
              "context": null,
              "code": "await nuPage.checkRoleField(driver,'ΥΠΑΛΛΗΛΟΣ');",
              "err": {},
              "uuid": "e7c54d22-df40-44d9-9c5a-ab7ce0eee648",
              "parentUUID": "6d55d8fd-7ba4-4ee4-bf9f-a4a7c1a5a99c",
              "isHook": false,
              "skipped": false
            },
            {
              "title": "TestRes2. check userStatus field",
              "fullTitle": "kyepix140 test scenario TestRes2. check userStatus field",
              "timedOut": false,
              "duration": 34,
              "state": "passed",
              "speed": "fast",
              "pass": true,
              "fail": false,
              "pending": false,
              "context": null,
              "code": "await nuPage.checkUserStatusField(driver,'ΑΝΕΝΕΡΓΟ');",
              "err": {},
              "uuid": "6e490d3e-cc6d-430c-bd1d-f0dd3b56d552",
              "parentUUID": "6d55d8fd-7ba4-4ee4-bf9f-a4a7c1a5a99c",
              "isHook": false,
              "skipped": false
            },
            {
              "title": "TestRes2. check phone field",
              "fullTitle": "kyepix140 test scenario TestRes2. check phone field",
              "timedOut": false,
              "duration": 23,
              "state": "passed",
              "speed": "fast",
              "pass": true,
              "fail": false,
              "pending": false,
              "context": null,
              "code": "await nuPage.checkPhoneNumField(driver,'');",
              "err": {},
              "uuid": "28a63aa9-fbfd-4d9a-8a73-5c185c7d376a",
              "parentUUID": "6d55d8fd-7ba4-4ee4-bf9f-a4a7c1a5a99c",
              "isHook": false,
              "skipped": false
            },
            {
              "title": "testRes2. check status checkbox texts",
              "fullTitle": "kyepix140 test scenario testRes2. check status checkbox texts",
              "timedOut": false,
              "duration": 27,
              "state": "passed",
              "speed": "fast",
              "pass": true,
              "fail": false,
              "pending": false,
              "context": null,
              "code": "await nuPage.checkStatusCheckBox(driver,'true');",
              "err": {},
              "uuid": "e0066483-5230-4543-9cfa-8bfc7a40d62a",
              "parentUUID": "6d55d8fd-7ba4-4ee4-bf9f-a4a7c1a5a99c",
              "isHook": false,
              "skipped": false
            },
            {
              "title": "TestRes2. check buttons",
              "fullTitle": "kyepix140 test scenario TestRes2. check buttons",
              "timedOut": false,
              "duration": 71,
              "state": "passed",
              "speed": "medium",
              "pass": true,
              "fail": false,
              "pending": false,
              "context": null,
              "code": "await nuPage.checkBtns(driver,false);",
              "err": {},
              "uuid": "f97e3634-4289-4683-be22-4fc0f477e3a2",
              "parentUUID": "6d55d8fd-7ba4-4ee4-bf9f-a4a7c1a5a99c",
              "isHook": false,
              "skipped": false
            },
            {
              "title": "Test3a. fill the first name with value:ABCDEFGHIJKLMNOPQRSTUVWXYZABCDEFGHIJKLMNOPQRSTUVWXYZ",
              "fullTitle": "kyepix140 test scenario Test3a. fill the first name with value:ABCDEFGHIJKLMNOPQRSTUVWXYZABCDEFGHIJKLMNOPQRSTUVWXYZ",
              "timedOut": false,
              "duration": 1281,
              "state": "passed",
              "speed": "slow",
              "pass": true,
              "fail": false,
              "pending": false,
              "context": null,
              "code": "await lib.setField(driver,nuPage.nuLoc.nu_fName,fName3a);",
              "err": {},
              "uuid": "8783ab82-d621-46c6-8535-5a60547a5bc2",
              "parentUUID": "6d55d8fd-7ba4-4ee4-bf9f-a4a7c1a5a99c",
              "isHook": false,
              "skipped": false
            },
            {
              "title": "TestRes3a. System displays error",
              "fullTitle": "kyepix140 test scenario TestRes3a. System displays error",
              "timedOut": false,
              "duration": 43,
              "state": "passed",
              "speed": "medium",
              "pass": true,
              "fail": false,
              "pending": false,
              "context": null,
              "code": "title=await lib.isVisible1(driver,nuPage.nuLoc.nu_fNameAlert);\nawait title.should.equal(true);\ntitle=await lib.getValueCss(driver,nuPage.nuLoc.nu_fNameAlert)\nawait title.should.equal('max 50 χαρακτήρες');",
              "err": {},
              "uuid": "7cf77985-83da-40a9-b6a3-7b80c9bdb8f1",
              "parentUUID": "6d55d8fd-7ba4-4ee4-bf9f-a4a7c1a5a99c",
              "isHook": false,
              "skipped": false
            },
            {
              "title": "Test3b. fill the first name with value:ABCDEFGHIJKLMNOPQRSTUVWXYZABCDEFGHIJKLMNOPQRSTUVWX",
              "fullTitle": "kyepix140 test scenario Test3b. fill the first name with value:ABCDEFGHIJKLMNOPQRSTUVWXYZABCDEFGHIJKLMNOPQRSTUVWX",
              "timedOut": false,
              "duration": 1341,
              "state": "passed",
              "speed": "slow",
              "pass": true,
              "fail": false,
              "pending": false,
              "context": null,
              "code": "await lib.setField(driver,nuPage.nuLoc.nu_fName,fName3b);",
              "err": {},
              "uuid": "be6eb652-abb5-44d2-9e20-25a224f97690",
              "parentUUID": "6d55d8fd-7ba4-4ee4-bf9f-a4a7c1a5a99c",
              "isHook": false,
              "skipped": false
            },
            {
              "title": "TestRes3b. System doesnt display error",
              "fullTitle": "kyepix140 test scenario TestRes3b. System doesnt display error",
              "timedOut": false,
              "duration": 5,
              "state": "passed",
              "speed": "fast",
              "pass": true,
              "fail": false,
              "pending": false,
              "context": null,
              "code": "title=await lib.isVisible1(driver,nuPage.nuLoc.nu_fNameAlert);\nawait title.should.equal(false);\n// title=await lib.getValueCss(driver,nuPage.nuLoc.nu_fNameAlert)\n// await title.should.equal('max 50 χαρακτήρες');",
              "err": {},
              "uuid": "bac69338-8380-4ff5-afcb-0e0eea63e267",
              "parentUUID": "6d55d8fd-7ba4-4ee4-bf9f-a4a7c1a5a99c",
              "isHook": false,
              "skipped": false
            },
            {
              "title": "Test4a. fill the last name with value:",
              "fullTitle": "kyepix140 test scenario Test4a. fill the last name with value:",
              "timedOut": false,
              "duration": 300,
              "state": "passed",
              "speed": "slow",
              "pass": true,
              "fail": false,
              "pending": false,
              "context": null,
              "code": "await lib.setField(driver,nuPage.nuLoc.nu_lName,lName4a);",
              "err": {},
              "uuid": "8e5e8d1d-190e-4e28-a039-1f0de4635355",
              "parentUUID": "6d55d8fd-7ba4-4ee4-bf9f-a4a7c1a5a99c",
              "isHook": false,
              "skipped": false
            },
            {
              "title": "TestRes4a. System displays error",
              "fullTitle": "kyepix140 test scenario TestRes4a. System displays error",
              "timedOut": false,
              "duration": 45,
              "state": "passed",
              "speed": "medium",
              "pass": true,
              "fail": false,
              "pending": false,
              "context": null,
              "code": "title=await lib.isVisible1(driver,nuPage.nuLoc.nu_lNameAlert);\nawait title.should.equal(true);\ntitle=await lib.getValueCss(driver,nuPage.nuLoc.nu_lNameAlert)\nawait title.should.equal('Παρακαλούμε συμπληρώστε το πεδίο');",
              "err": {},
              "uuid": "fbfc8c95-cdf8-4783-9164-12857128036c",
              "parentUUID": "6d55d8fd-7ba4-4ee4-bf9f-a4a7c1a5a99c",
              "isHook": false,
              "skipped": false
            },
            {
              "title": "Test4b. fill the last name with value:ABCDEFGHIJKLMNOPQRSTUVWXYZABCDEFGHIJKLMNOPQRSTUVWX",
              "fullTitle": "kyepix140 test scenario Test4b. fill the last name with value:ABCDEFGHIJKLMNOPQRSTUVWXYZABCDEFGHIJKLMNOPQRSTUVWX",
              "timedOut": false,
              "duration": 1146,
              "state": "passed",
              "speed": "slow",
              "pass": true,
              "fail": false,
              "pending": false,
              "context": null,
              "code": "await lib.setField(driver,nuPage.nuLoc.nu_lName,lName4b);",
              "err": {},
              "uuid": "078138e1-79de-4b20-beb0-086f81f98833",
              "parentUUID": "6d55d8fd-7ba4-4ee4-bf9f-a4a7c1a5a99c",
              "isHook": false,
              "skipped": false
            },
            {
              "title": "TestRes4b. System doesnt display error",
              "fullTitle": "kyepix140 test scenario TestRes4b. System doesnt display error",
              "timedOut": false,
              "duration": 4,
              "state": "passed",
              "speed": "fast",
              "pass": true,
              "fail": false,
              "pending": false,
              "context": null,
              "code": "title=await lib.isVisible1(driver,nuPage.nuLoc.nu_lNameAlert);\nawait title.should.equal(false);\n// title=await lib.getValueCss(driver,nuPage.nuLoc.nu_lNameAlert)\n// await title.should.equal('max 50 χαρακτήρες');",
              "err": {},
              "uuid": "8d8ce531-9674-4946-adb3-92524bc23c5d",
              "parentUUID": "6d55d8fd-7ba4-4ee4-bf9f-a4a7c1a5a99c",
              "isHook": false,
              "skipped": false
            },
            {
              "title": "Test5a. fill the phone with value:01234567890123456789012345",
              "fullTitle": "kyepix140 test scenario Test5a. fill the phone with value:01234567890123456789012345",
              "timedOut": false,
              "duration": 756,
              "state": "passed",
              "speed": "slow",
              "pass": true,
              "fail": false,
              "pending": false,
              "context": null,
              "code": "await lib.setField(driver,nuPage.nuLoc.nu_phoneNum,phoneNum5a);",
              "err": {},
              "uuid": "f9e44f6f-2b37-497a-9fee-aa839f0edb96",
              "parentUUID": "6d55d8fd-7ba4-4ee4-bf9f-a4a7c1a5a99c",
              "isHook": false,
              "skipped": false
            },
            {
              "title": "TestRes5a. System displays error",
              "fullTitle": "kyepix140 test scenario TestRes5a. System displays error",
              "timedOut": false,
              "duration": 47,
              "state": "passed",
              "speed": "medium",
              "pass": true,
              "fail": false,
              "pending": false,
              "context": null,
              "code": "title=await lib.isVisible1(driver,nuPage.nuLoc.nu_phoneNumAlert);\nawait title.should.equal(true);\ntitle=await lib.getValueCss(driver,nuPage.nuLoc.nu_phoneNumAlert)\nawait title.should.equal('max 25 χαρακτήρες');",
              "err": {},
              "uuid": "79418ffa-73ff-4c7a-b3c8-fb06834cd07a",
              "parentUUID": "6d55d8fd-7ba4-4ee4-bf9f-a4a7c1a5a99c",
              "isHook": false,
              "skipped": false
            },
            {
              "title": "Test5b. fill the phone with value:0123456789012345678901234",
              "fullTitle": "kyepix140 test scenario Test5b. fill the phone with value:0123456789012345678901234",
              "timedOut": false,
              "duration": 714,
              "state": "passed",
              "speed": "slow",
              "pass": true,
              "fail": false,
              "pending": false,
              "context": null,
              "code": "await lib.setField(driver,nuPage.nuLoc.nu_phoneNum,phoneNum5b);",
              "err": {},
              "uuid": "8f970428-b736-4288-a1e9-d5b9f3a271a2",
              "parentUUID": "6d55d8fd-7ba4-4ee4-bf9f-a4a7c1a5a99c",
              "isHook": false,
              "skipped": false
            },
            {
              "title": "TestRes5b. System doesnt display error",
              "fullTitle": "kyepix140 test scenario TestRes5b. System doesnt display error",
              "timedOut": false,
              "duration": 5,
              "state": "passed",
              "speed": "fast",
              "pass": true,
              "fail": false,
              "pending": false,
              "context": null,
              "code": "title=await lib.isVisible1(driver,nuPage.nuLoc.nu_phoneNumAlert);\nawait title.should.equal(false);\n// title=await lib.getValueCss(driver,nuPage.nuLoc.nu_phoneNumAlert)\n// await title.should.equal('max 50 χαρακτήρες');",
              "err": {},
              "uuid": "87ced564-4733-478b-9c33-8dfbf1736b6f",
              "parentUUID": "6d55d8fd-7ba4-4ee4-bf9f-a4a7c1a5a99c",
              "isHook": false,
              "skipped": false
            },
            {
              "title": "Test6. fill the email with value:text@text.tex",
              "fullTitle": "kyepix140 test scenario Test6. fill the email with value:text@text.tex",
              "timedOut": false,
              "duration": 639,
              "state": "passed",
              "speed": "slow",
              "pass": true,
              "fail": false,
              "pending": false,
              "context": null,
              "code": "await lib.setField(driver,nuPage.nuLoc.nu_email,email6);",
              "err": {},
              "uuid": "302b64e5-f50f-45b5-9c98-a3f19bfcb5c8",
              "parentUUID": "6d55d8fd-7ba4-4ee4-bf9f-a4a7c1a5a99c",
              "isHook": false,
              "skipped": false
            },
            {
              "title": "TestRes6. System doesnt display error",
              "fullTitle": "kyepix140 test scenario TestRes6. System doesnt display error",
              "timedOut": false,
              "duration": 5,
              "state": "passed",
              "speed": "fast",
              "pass": true,
              "fail": false,
              "pending": false,
              "context": null,
              "code": "title=await lib.isVisible1(driver,nuPage.nuLoc.nu_emailAlert);\nawait title.should.equal(false);\n// title=await lib.getValueCss(driver,nuPage.nuLoc.nu_phoneNumAlert)\n// await title.should.equal('max 50 χαρακτήρες');",
              "err": {},
              "uuid": "1538813f-20d0-4f41-b85c-bf7d88932ef3",
              "parentUUID": "6d55d8fd-7ba4-4ee4-bf9f-a4a7c1a5a99c",
              "isHook": false,
              "skipped": false
            },
            {
              "title": "Test7. Set users office with:ΤΕΣΤΤΡΥΟ",
              "fullTitle": "kyepix140 test scenario Test7. Set users office with:ΤΕΣΤΤΡΥΟ",
              "timedOut": false,
              "duration": 1282,
              "state": "passed",
              "speed": "slow",
              "pass": true,
              "fail": false,
              "pending": false,
              "context": null,
              "code": "await nuPage.setOffice(driver,officeName7);",
              "err": {},
              "uuid": "cef8a54a-258c-468d-b5b6-87f094c7c0c3",
              "parentUUID": "6d55d8fd-7ba4-4ee4-bf9f-a4a7c1a5a99c",
              "isHook": false,
              "skipped": false
            },
            {
              "title": "Test8. Set users role with:ΥΠΑΛΛΗΛΟΣ",
              "fullTitle": "kyepix140 test scenario Test8. Set users role with:ΥΠΑΛΛΗΛΟΣ",
              "timedOut": false,
              "duration": 38,
              "state": "passed",
              "speed": "medium",
              "pass": true,
              "fail": false,
              "pending": false,
              "context": null,
              "code": "await nuPage.setRole(driver,role8);",
              "err": {},
              "uuid": "94025a6e-5ba4-4ef4-9ab0-b6b838ed48fa",
              "parentUUID": "6d55d8fd-7ba4-4ee4-bf9f-a4a7c1a5a99c",
              "isHook": false,
              "skipped": false
            },
            {
              "title": "Test9. Set status checkbox with:true",
              "fullTitle": "kyepix140 test scenario Test9. Set status checkbox with:true",
              "timedOut": false,
              "duration": 45,
              "state": "passed",
              "speed": "medium",
              "pass": true,
              "fail": false,
              "pending": false,
              "context": null,
              "code": "await nuPage.setStatusCheckbox(driver,statusCheckbox);",
              "err": {},
              "uuid": "84caa19c-d61d-49c5-b0d8-862609229323",
              "parentUUID": "6d55d8fd-7ba4-4ee4-bf9f-a4a7c1a5a99c",
              "isHook": false,
              "skipped": false
            },
            {
              "title": "Test10. check the alerts in the fields",
              "fullTitle": "kyepix140 test scenario Test10. check the alerts in the fields",
              "timedOut": false,
              "duration": 37,
              "state": "passed",
              "speed": "fast",
              "pass": true,
              "fail": false,
              "pending": false,
              "context": null,
              "code": "await nuPage.setStatusCheckbox(driver,statusCheckbox);",
              "err": {},
              "uuid": "e00fc081-70d1-48d7-b137-1bab5b2967f0",
              "parentUUID": "6d55d8fd-7ba4-4ee4-bf9f-a4a7c1a5a99c",
              "isHook": false,
              "skipped": false
            },
            {
              "title": "TestRes10. the create button is enabled",
              "fullTitle": "kyepix140 test scenario TestRes10. the create button is enabled",
              "timedOut": false,
              "duration": 36,
              "state": "passed",
              "speed": "fast",
              "pass": true,
              "fail": false,
              "pending": false,
              "context": null,
              "code": "await nuPage.checkCreateBtn(driver,true);",
              "err": {},
              "uuid": "2d3b5ac3-f8e0-4df6-b885-10ccc2fec91b",
              "parentUUID": "6d55d8fd-7ba4-4ee4-bf9f-a4a7c1a5a99c",
              "isHook": false,
              "skipped": false
            },
            {
              "title": "Test11. User clicks the create button",
              "fullTitle": "kyepix140 test scenario Test11. User clicks the create button",
              "timedOut": false,
              "duration": 297,
              "state": "passed",
              "speed": "slow",
              "pass": true,
              "fail": false,
              "pending": false,
              "context": null,
              "code": "await lib.clikClassName(driver,nuPage.nuLoc.nu_createBtnCN);",
              "err": {},
              "uuid": "4f8d3882-9d74-49e6-9171-fc8a0b715025",
              "parentUUID": "6d55d8fd-7ba4-4ee4-bf9f-a4a7c1a5a99c",
              "isHook": false,
              "skipped": false
            },
            {
              "title": "TestRes11. Check the message",
              "fullTitle": "kyepix140 test scenario TestRes11. Check the message",
              "timedOut": false,
              "duration": 108,
              "state": "passed",
              "speed": "slow",
              "pass": true,
              "fail": false,
              "pending": false,
              "context": null,
              "code": "await nuPage.checkAlertBox(driver,'Δημιουργία νέου προφίλ χρήστη γραφείου ΚΥΕΠΙΧ','Είστε σίγουρος/η ότι θέλετε να δημιουργήσετε νέο χρήστη γραφείου ΚΥΕΠΙΧ;')",
              "err": {},
              "uuid": "6ccf0a35-74c7-44c1-8314-bff40ddec1b8",
              "parentUUID": "6d55d8fd-7ba4-4ee4-bf9f-a4a7c1a5a99c",
              "isHook": false,
              "skipped": false
            }
          ],
          "suites": [],
          "passes": [
            "4176139c-82eb-49a8-bfea-bf98608a1f56",
            "15412c19-581a-47e5-9a20-d91c56abe50f",
            "ebc08f00-acbf-48a2-b4ed-b9e7addfb171",
            "a7acd0cf-dfc0-4be1-8532-f5fcd601251b",
            "5851bbc1-4331-4747-bf30-c304d1965915",
            "e4ff177c-c257-4814-bd9b-66a69e14dde9",
            "3811fd2f-3a3a-458e-ac22-5542147d01c4",
            "e7c54d22-df40-44d9-9c5a-ab7ce0eee648",
            "6e490d3e-cc6d-430c-bd1d-f0dd3b56d552",
            "28a63aa9-fbfd-4d9a-8a73-5c185c7d376a",
            "e0066483-5230-4543-9cfa-8bfc7a40d62a",
            "f97e3634-4289-4683-be22-4fc0f477e3a2",
            "8783ab82-d621-46c6-8535-5a60547a5bc2",
            "7cf77985-83da-40a9-b6a3-7b80c9bdb8f1",
            "be6eb652-abb5-44d2-9e20-25a224f97690",
            "bac69338-8380-4ff5-afcb-0e0eea63e267",
            "8e5e8d1d-190e-4e28-a039-1f0de4635355",
            "fbfc8c95-cdf8-4783-9164-12857128036c",
            "078138e1-79de-4b20-beb0-086f81f98833",
            "8d8ce531-9674-4946-adb3-92524bc23c5d",
            "f9e44f6f-2b37-497a-9fee-aa839f0edb96",
            "79418ffa-73ff-4c7a-b3c8-fb06834cd07a",
            "8f970428-b736-4288-a1e9-d5b9f3a271a2",
            "87ced564-4733-478b-9c33-8dfbf1736b6f",
            "302b64e5-f50f-45b5-9c98-a3f19bfcb5c8",
            "1538813f-20d0-4f41-b85c-bf7d88932ef3",
            "cef8a54a-258c-468d-b5b6-87f094c7c0c3",
            "94025a6e-5ba4-4ef4-9ab0-b6b838ed48fa",
            "84caa19c-d61d-49c5-b0d8-862609229323",
            "e00fc081-70d1-48d7-b137-1bab5b2967f0",
            "2d3b5ac3-f8e0-4df6-b885-10ccc2fec91b",
            "4f8d3882-9d74-49e6-9171-fc8a0b715025",
            "6ccf0a35-74c7-44c1-8314-bff40ddec1b8"
          ],
          "failures": [],
          "pending": [],
          "skipped": [],
          "duration": 12758,
          "root": false,
          "rootEmpty": false,
          "_timeout": 0
        }
      ],
      "passes": [],
      "failures": [],
      "pending": [],
      "skipped": [],
      "duration": 0,
      "root": true,
      "rootEmpty": true,
      "_timeout": 0
    }
  ],
  "meta": {
    "mocha": {
      "version": "10.0.0"
    },
    "mochawesome": {
      "options": {
        "quiet": false,
        "reportFilename": "testResults",
        "saveHtml": true,
        "saveJson": true,
        "consoleReporter": "spec",
        "useInlineDiffs": false,
        "code": true
      },
      "version": "7.1.3"
    },
    "marge": {
      "options": {
        "reportDir": "C:/Users/kadim/selenium1/test-reports",
        "reportFilename": "testResults"
      },
      "version": "6.2.0"
    }
  }
}